<?xml version="1.0" encoding="UTF-8"?>
<!-- Generated by org.testng.reporters.JUnitXMLReporter -->
<testsuite ignored="0" hostname="LAPTOP-1LL282FT" failures="0" tests="5" name="Default test" time="31.475" errors="0" timestamp="2023-03-15T19:02:53 IST">
  <testcase classname="TestScripts.FunctionScript" name="purchase" time="2.828"/>
  <testcase classname="TestScripts.FunctionScript" name="additem" time="5.969"/>
  <testcase classname="TestScripts.FunctionScript" name="additem" time="6.048"/>
  <testcase classname="TestScripts.FunctionScript" name="delete" time="0.226"/>
  <testcase classname="TestScripts.FunctionScript" name="placeorder" time="12.533"/>
</testsuite> <!-- Default test -->
