<?xml version="1.0" encoding="UTF-8"?>
<!-- Generated by org.testng.reporters.JUnitXMLReporter -->
<testsuite ignored="0" hostname="LAPTOP-1LL282FT" failures="0" tests="5" name="Default test" time="32.371" errors="0" timestamp="2023-03-16T08:49:53 IST">
  <testcase classname="TestScripts.FunctionScript" name="purchase" time="3.118"/>
  <testcase classname="TestScripts.FunctionScript" name="additem" time="5.72"/>
  <testcase classname="TestScripts.FunctionScript" name="additem" time="5.385"/>
  <testcase classname="TestScripts.FunctionScript" name="delete" time="0.33"/>
  <testcase classname="TestScripts.FunctionScript" name="placeorder" time="12.23"/>
</testsuite> <!-- Default test -->
