<?xml version="1.0" encoding="UTF-8"?>
<testng-results ignored="0" total="5" passed="5" failed="0" skipped="0">
  <reporter-output>
  </reporter-output>
  <suite started-at="2023-03-16T08:49:21 IST" name="Default suite" finished-at="2023-03-16T08:49:53 IST" duration-ms="32371">
    <groups>
    </groups>
    <test started-at="2023-03-16T08:49:21 IST" name="Default test" finished-at="2023-03-16T08:49:53 IST" duration-ms="32371">
      <class name="TestScripts.FunctionScript">
        <test-method is-config="true" signature="startup()[pri:0, instance:TestScripts.FunctionScript@9f116cc]" started-at="2023-03-16T08:49:21 IST" name="startup" finished-at="2023-03-16T08:49:26 IST" duration-ms="5530" status="PASS">
          <reporter-output>
          </reporter-output>
        </test-method> <!-- startup -->
        <test-method signature="purchase()[pri:1, instance:TestScripts.FunctionScript@9f116cc]" started-at="2023-03-16T08:49:26 IST" name="purchase" finished-at="2023-03-16T08:49:29 IST" duration-ms="3118" status="PASS">
          <reporter-output>
          </reporter-output>
        </test-method> <!-- purchase -->
        <test-method signature="additem(java.lang.String)[pri:2, instance:TestScripts.FunctionScript@9f116cc]" started-at="2023-03-16T08:49:29 IST" name="additem" data-provider="item" finished-at="2023-03-16T08:49:35 IST" duration-ms="5720" status="PASS">
          <params>
            <param index="0">
              <value>
                <![CDATA[Samsung galaxy s7]]>
              </value>
            </param>
          </params>
          <reporter-output>
          </reporter-output>
        </test-method> <!-- additem -->
        <test-method signature="additem(java.lang.String)[pri:2, instance:TestScripts.FunctionScript@9f116cc]" started-at="2023-03-16T08:49:35 IST" name="additem" data-provider="item" finished-at="2023-03-16T08:49:40 IST" duration-ms="5385" status="PASS">
          <params>
            <param index="0">
              <value>
                <![CDATA[Iphone 6 32gb]]>
              </value>
            </param>
          </params>
          <reporter-output>
          </reporter-output>
        </test-method> <!-- additem -->
        <test-method signature="delete()[pri:3, instance:TestScripts.FunctionScript@9f116cc]" started-at="2023-03-16T08:49:40 IST" name="delete" finished-at="2023-03-16T08:49:41 IST" duration-ms="330" status="PASS">
          <reporter-output>
          </reporter-output>
        </test-method> <!-- delete -->
        <test-method signature="placeorder()[pri:4, instance:TestScripts.FunctionScript@9f116cc]" started-at="2023-03-16T08:49:41 IST" name="placeorder" finished-at="2023-03-16T08:49:53 IST" duration-ms="12230" status="PASS">
          <reporter-output>
          </reporter-output>
        </test-method> <!-- placeorder -->
      </class> <!-- TestScripts.FunctionScript -->
    </test> <!-- Default test -->
  </suite> <!-- Default suite -->
</testng-results>
